<?xml version="1.0" encoding="UTF-8"?>
<testng-results ignored="0" total="2" passed="2" failed="0" skipped="0">
  <reporter-output>
  </reporter-output>
  <suite started-at="2020-11-11T21:33:23 CET" name="GigaBerlin" finished-at="2020-11-11T21:33:43 CET" duration-ms="19934">
    <groups>
    </groups>
    <test started-at="2020-11-11T21:33:23 CET" name="Firefox Tests" finished-at="2020-11-11T21:33:43 CET" duration-ms="19637">
      <class name="gigaBerlin.RunTest">
        <test-method is-config="true" signature="setupBrowser(java.lang.String)[pri:0, instance:gigaBerlin.RunTest@1a451d4d]" started-at="2020-11-11T21:33:23 CET" name="setupBrowser" finished-at="2020-11-11T21:33:23 CET" duration-ms="17" status="PASS">
          <params>
            <param index="0">
              <value>
                <![CDATA[Chrome]]>
              </value>
            </param>
          </params>
          <reporter-output>
          </reporter-output>
        </test-method> <!-- setupBrowser -->
        <test-method signature="test()[pri:0, instance:gigaBerlin.RunTest@1a451d4d]" started-at="2020-11-11T21:33:23 CET" name="test" finished-at="2020-11-11T21:33:43 CET" duration-ms="19577" status="PASS">
          <reporter-output>
          </reporter-output>
        </test-method> <!-- test -->
      </class> <!-- gigaBerlin.RunTest -->
    </test> <!-- Firefox Tests -->
    <test started-at="2020-11-11T21:33:23 CET" name="Chrome Tests" finished-at="2020-11-11T21:33:43 CET" duration-ms="19934">
      <class name="gigaBerlin.RunTest">
        <test-method is-config="true" signature="setupBrowser(java.lang.String)[pri:0, instance:gigaBerlin.RunTest@50eac852]" started-at="2020-11-11T21:33:23 CET" name="setupBrowser" finished-at="2020-11-11T21:33:23 CET" duration-ms="17" status="PASS">
          <params>
            <param index="0">
              <value>
                <![CDATA[Chrome]]>
              </value>
            </param>
          </params>
          <reporter-output>
          </reporter-output>
        </test-method> <!-- setupBrowser -->
        <test-method signature="test()[pri:0, instance:gigaBerlin.RunTest@50eac852]" started-at="2020-11-11T21:33:23 CET" name="test" finished-at="2020-11-11T21:33:43 CET" duration-ms="19879" status="PASS">
          <reporter-output>
          </reporter-output>
        </test-method> <!-- test -->
      </class> <!-- gigaBerlin.RunTest -->
    </test> <!-- Chrome Tests -->
  </suite> <!-- GigaBerlin -->
</testng-results>
